<?xml version="1.0" encoding="UTF-8"?>
<!-- Generated by org.testng.reporters.JUnitReportReporter -->
<testsuite skipped="0" hostname="LAPTOP-6NAV24VU" name="rahulshettyacademy.tests.SubmitOrderTest" tests="3" failures="0" timestamp="27 Apr 2024 08:25:33 GMT" time="57.593" errors="0">
  <testcase name="submitOrder" time="13.480" classname="rahulshettyacademy.tests.SubmitOrderTest"/>
  <testcase name="OrderHistoryTest" time="12.264" classname="rahulshettyacademy.tests.SubmitOrderTest"/>
  <testcase name="submitOrder" time="31.849" classname="rahulshettyacademy.tests.SubmitOrderTest"/>
</testsuite> <!-- rahulshettyacademy.tests.SubmitOrderTest -->
