<?xml version="1.0" encoding="UTF-8"?>
<!-- Generated by org.testng.reporters.JUnitReportReporter -->
<testsuite skipped="0" hostname="LAPTOP-6NAV24VU" name="rahulshettyacademy.tests.ErrorValidationsTest" tests="2" failures="0" timestamp="27 Apr 2024 08:25:33 GMT" time="48.666" errors="0">
  <testcase name="LoginErrorValidation" time="32.146" classname="rahulshettyacademy.tests.ErrorValidationsTest"/>
  <testcase name="ProductErrorValidation" time="16.520" classname="rahulshettyacademy.tests.ErrorValidationsTest"/>
</testsuite> <!-- rahulshettyacademy.tests.ErrorValidationsTest -->
