<?xml version="1.0" encoding="UTF-8"?>
<!-- Generated by org.testng.reporters.JUnitReportReporter -->
<testsuite skipped="0" hostname="LAPTOP-6NAV24VU" name="cucumber.TestNGTestRunner" tests="1" failures="0" timestamp="20 Aug 2023 09:30:49 GMT" time="16.469" errors="0">
  <testcase name="runScenario" time="16.469" classname="cucumber.TestNGTestRunner"/>
</testsuite> <!-- cucumber.TestNGTestRunner -->
